<?xml version="1.0" encoding="UTF-8"?>
<coverage generated="1650214145192" clover="3.2.0">
  <project timestamp="1650214145192" name="All files">
    <metrics statements="50" coveredstatements="50" conditionals="10" coveredconditionals="10" methods="37" coveredmethods="37" elements="97" coveredelements="97" complexity="0" loc="50" ncloc="50" packages="1" files="2" classes="2"/>
    <file name="todo.js" path="/Users/jasonchoi/Documents/classroom/build_todo/todo.js">
      <metrics statements="11" coveredstatements="11" conditionals="2" coveredconditionals="2" methods="6" coveredmethods="6"/>
      <line num="7" count="1" type="stmt"/>
      <line num="8" count="1" type="stmt"/>
      <line num="11" count="63" type="stmt"/>
      <line num="12" count="63" type="stmt"/>
      <line num="16" count="9" type="cond" truecount="2" falsecount="0"/>
      <line num="17" count="9" type="stmt"/>
      <line num="21" count="18" type="stmt"/>
      <line num="25" count="4" type="stmt"/>
      <line num="29" count="36" type="stmt"/>
      <line num="33" count="9" type="stmt"/>
      <line num="37" count="1" type="stmt"/>
    </file>
    <file name="todolist.js" path="/Users/jasonchoi/Documents/classroom/build_todo/todolist.js">
      <metrics statements="39" coveredstatements="39" conditionals="8" coveredconditionals="8" methods="31" coveredmethods="31"/>
      <line num="4" count="1" type="stmt"/>
      <line num="8" count="28" type="stmt"/>
      <line num="9" count="28" type="stmt"/>
      <line num="13" count="72" type="cond" truecount="2" falsecount="0"/>
      <line num="14" count="70" type="stmt"/>
      <line num="16" count="2" type="stmt"/>
      <line num="21" count="2" type="stmt"/>
      <line num="25" count="4" type="stmt"/>
      <line num="29" count="1" type="stmt"/>
      <line num="33" count="13" type="stmt"/>
      <line num="34" count="10" type="stmt"/>
      <line num="38" count="9" type="stmt"/>
      <line num="42" count="2" type="stmt"/>
      <line num="46" count="4" type="stmt"/>
      <line num="50" count="1" type="stmt"/>
      <line num="54" count="1" type="stmt"/>
      <line num="58" count="2" type="stmt"/>
      <line num="59" count="1" type="stmt"/>
      <line num="63" count="12" type="stmt"/>
      <line num="67" count="7" type="stmt"/>
      <line num="68" count="7" type="stmt"/>
      <line num="69" count="19" type="cond" truecount="2" falsecount="0"/>
      <line num="70" count="7" type="stmt"/>
      <line num="73" count="7" type="stmt"/>
      <line num="77" count="9" type="stmt"/>
      <line num="81" count="4" type="stmt"/>
      <line num="85" count="3" type="stmt"/>
      <line num="89" count="2" type="stmt"/>
      <line num="90" count="2" type="cond" truecount="2" falsecount="0"/>
      <line num="91" count="1" type="stmt"/>
      <line num="95" count="9" type="stmt"/>
      <line num="99" count="3" type="stmt"/>
      <line num="103" count="15" type="cond" truecount="2" falsecount="0"/>
      <line num="104" count="4" type="stmt"/>
      <line num="109" count="3" type="stmt"/>
      <line num="110" count="9" type="stmt"/>
      <line num="111" count="3" type="stmt"/>
      <line num="115" count="7" type="stmt"/>
      <line num="119" count="1" type="stmt"/>
    </file>
  </project>
</coverage>
