{"/Users/jasonchoi/Documents/classroom/build_todo/todo.js": {"path":"/Users/jasonchoi/Documents/classroom/build_todo/todo.js","statementMap":{"0":{"start":{"line":7,"column":23},"end":{"line":7,"column":26}},"1":{"start":{"line":8,"column":25},"end":{"line":8,"column":28}},"2":{"start":{"line":11,"column":4},"end":{"line":11,"column":23}},"3":{"start":{"line":12,"column":4},"end":{"line":12,"column":22}},"4":{"start":{"line":16,"column":17},"end":{"line":16,"column":70}},"5":{"start":{"line":17,"column":4},"end":{"line":17,"column":39}},"6":{"start":{"line":21,"column":4},"end":{"line":21,"column":21}},"7":{"start":{"line":25,"column":4},"end":{"line":25,"column":22}},"8":{"start":{"line":29,"column":4},"end":{"line":29,"column":21}},"9":{"start":{"line":33,"column":4},"end":{"line":33,"column":22}},"10":{"start":{"line":37,"column":0},"end":{"line":37,"column":22}}},"fnMap":{"0":{"name":"(anonymous_0)","decl":{"start":{"line":10,"column":2},"end":{"line":10,"column":3}},"loc":{"start":{"line":10,"column":21},"end":{"line":13,"column":3}},"line":10},"1":{"name":"(anonymous_1)","decl":{"start":{"line":15,"column":2},"end":{"line":15,"column":3}},"loc":{"start":{"line":15,"column":13},"end":{"line":18,"column":3}},"line":15},"2":{"name":"(anonymous_2)","decl":{"start":{"line":20,"column":2},"end":{"line":20,"column":3}},"loc":{"start":{"line":20,"column":13},"end":{"line":22,"column":3}},"line":20},"3":{"name":"(anonymous_3)","decl":{"start":{"line":24,"column":2},"end":{"line":24,"column":3}},"loc":{"start":{"line":24,"column":15},"end":{"line":26,"column":3}},"line":24},"4":{"name":"(anonymous_4)","decl":{"start":{"line":28,"column":2},"end":{"line":28,"column":3}},"loc":{"start":{"line":28,"column":11},"end":{"line":30,"column":3}},"line":28},"5":{"name":"(anonymous_5)","decl":{"start":{"line":32,"column":2},"end":{"line":32,"column":3}},"loc":{"start":{"line":32,"column":13},"end":{"line":34,"column":3}},"line":32}},"branchMap":{"0":{"loc":{"start":{"line":16,"column":17},"end":{"line":16,"column":70}},"type":"cond-expr","locations":[{"start":{"line":16,"column":33},"end":{"line":16,"column":49}},{"start":{"line":16,"column":52},"end":{"line":16,"column":70}}],"line":16}},"s":{"0":1,"1":1,"2":63,"3":63,"4":9,"5":9,"6":18,"7":4,"8":36,"9":9,"10":1},"f":{"0":63,"1":9,"2":18,"3":4,"4":36,"5":9},"b":{"0":[4,5]},"_coverageSchema":"1a1c01bbd47fc00a2c39e90264f33305004495a9","hash":"bdb1ad75319ba171bfc8125e37d4b205b060747b"}
,"/Users/jasonchoi/Documents/classroom/build_todo/todolist.js": {"path":"/Users/jasonchoi/Documents/classroom/build_todo/todolist.js","statementMap":{"0":{"start":{"line":4,"column":13},"end":{"line":4,"column":33}},"1":{"start":{"line":8,"column":4},"end":{"line":8,"column":23}},"2":{"start":{"line":9,"column":4},"end":{"line":9,"column":20}},"3":{"start":{"line":13,"column":4},"end":{"line":17,"column":5}},"4":{"start":{"line":14,"column":6},"end":{"line":14,"column":28}},"5":{"start":{"line":16,"column":6},"end":{"line":16,"column":55}},"6":{"start":{"line":21,"column":4},"end":{"line":21,"column":29}},"7":{"start":{"line":25,"column":4},"end":{"line":25,"column":25}},"8":{"start":{"line":29,"column":4},"end":{"line":29,"column":39}},"9":{"start":{"line":33,"column":4},"end":{"line":33,"column":31}},"10":{"start":{"line":34,"column":4},"end":{"line":34,"column":29}},"11":{"start":{"line":38,"column":4},"end":{"line":38,"column":34}},"12":{"start":{"line":42,"column":4},"end":{"line":42,"column":36}},"13":{"start":{"line":46,"column":4},"end":{"line":46,"column":51}},"14":{"start":{"line":46,"column":36},"end":{"line":46,"column":49}},"15":{"start":{"line":50,"column":4},"end":{"line":50,"column":30}},"16":{"start":{"line":54,"column":4},"end":{"line":54,"column":28}},"17":{"start":{"line":58,"column":4},"end":{"line":58,"column":31}},"18":{"start":{"line":59,"column":4},"end":{"line":59,"column":39}},"19":{"start":{"line":63,"column":4},"end":{"line":63,"column":40}},"20":{"start":{"line":67,"column":15},"end":{"line":67,"column":39}},"21":{"start":{"line":68,"column":4},"end":{"line":72,"column":7}},"22":{"start":{"line":69,"column":6},"end":{"line":71,"column":7}},"23":{"start":{"line":70,"column":8},"end":{"line":70,"column":23}},"24":{"start":{"line":73,"column":4},"end":{"line":73,"column":16}},"25":{"start":{"line":77,"column":4},"end":{"line":77,"column":66}},"26":{"start":{"line":77,"column":31},"end":{"line":77,"column":56}},"27":{"start":{"line":81,"column":4},"end":{"line":81,"column":46}},"28":{"start":{"line":81,"column":31},"end":{"line":81,"column":44}},"29":{"start":{"line":85,"column":4},"end":{"line":85,"column":47}},"30":{"start":{"line":85,"column":31},"end":{"line":85,"column":45}},"31":{"start":{"line":89,"column":15},"end":{"line":89,"column":38}},"32":{"start":{"line":90,"column":4},"end":{"line":90,"column":22}},"33":{"start":{"line":90,"column":15},"end":{"line":90,"column":22}},"34":{"start":{"line":91,"column":4},"end":{"line":91,"column":20}},"35":{"start":{"line":95,"column":4},"end":{"line":95,"column":42}},"36":{"start":{"line":95,"column":25},"end":{"line":95,"column":40}},"37":{"start":{"line":99,"column":4},"end":{"line":99,"column":44}},"38":{"start":{"line":99,"column":25},"end":{"line":99,"column":42}},"39":{"start":{"line":103,"column":4},"end":{"line":105,"column":5}},"40":{"start":{"line":104,"column":6},"end":{"line":104,"column":58}},"41":{"start":{"line":109,"column":16},"end":{"line":109,"column":41}},"42":{"start":{"line":110,"column":15},"end":{"line":110,"column":65}},"43":{"start":{"line":110,"column":38},"end":{"line":110,"column":53}},"44":{"start":{"line":111,"column":4},"end":{"line":111,"column":31}},"45":{"start":{"line":115,"column":4},"end":{"line":115,"column":30}},"46":{"start":{"line":119,"column":0},"end":{"line":119,"column":26}}},"fnMap":{"0":{"name":"(anonymous_0)","decl":{"start":{"line":7,"column":2},"end":{"line":7,"column":3}},"loc":{"start":{"line":7,"column":21},"end":{"line":10,"column":3}},"line":7},"1":{"name":"(anonymous_1)","decl":{"start":{"line":12,"column":2},"end":{"line":12,"column":3}},"loc":{"start":{"line":12,"column":12},"end":{"line":18,"column":3}},"line":12},"2":{"name":"(anonymous_2)","decl":{"start":{"line":20,"column":2},"end":{"line":20,"column":3}},"loc":{"start":{"line":20,"column":9},"end":{"line":22,"column":3}},"line":20},"3":{"name":"(anonymous_3)","decl":{"start":{"line":24,"column":2},"end":{"line":24,"column":3}},"loc":{"start":{"line":24,"column":10},"end":{"line":26,"column":3}},"line":24},"4":{"name":"(anonymous_4)","decl":{"start":{"line":28,"column":2},"end":{"line":28,"column":3}},"loc":{"start":{"line":28,"column":9},"end":{"line":30,"column":3}},"line":28},"5":{"name":"(anonymous_5)","decl":{"start":{"line":32,"column":2},"end":{"line":32,"column":3}},"loc":{"start":{"line":32,"column":16},"end":{"line":35,"column":3}},"line":32},"6":{"name":"(anonymous_6)","decl":{"start":{"line":37,"column":2},"end":{"line":37,"column":3}},"loc":{"start":{"line":37,"column":20},"end":{"line":39,"column":3}},"line":37},"7":{"name":"(anonymous_7)","decl":{"start":{"line":41,"column":2},"end":{"line":41,"column":3}},"loc":{"start":{"line":41,"column":22},"end":{"line":43,"column":3}},"line":41},"8":{"name":"(anonymous_8)","decl":{"start":{"line":45,"column":2},"end":{"line":45,"column":3}},"loc":{"start":{"line":45,"column":11},"end":{"line":47,"column":3}},"line":45},"9":{"name":"(anonymous_9)","decl":{"start":{"line":46,"column":28},"end":{"line":46,"column":29}},"loc":{"start":{"line":46,"column":36},"end":{"line":46,"column":49}},"line":46},"10":{"name":"(anonymous_10)","decl":{"start":{"line":49,"column":2},"end":{"line":49,"column":3}},"loc":{"start":{"line":49,"column":10},"end":{"line":51,"column":3}},"line":49},"11":{"name":"(anonymous_11)","decl":{"start":{"line":53,"column":2},"end":{"line":53,"column":3}},"loc":{"start":{"line":53,"column":8},"end":{"line":55,"column":3}},"line":53},"12":{"name":"(anonymous_12)","decl":{"start":{"line":57,"column":2},"end":{"line":57,"column":3}},"loc":{"start":{"line":57,"column":18},"end":{"line":60,"column":3}},"line":57},"13":{"name":"(anonymous_13)","decl":{"start":{"line":62,"column":2},"end":{"line":62,"column":3}},"loc":{"start":{"line":62,"column":20},"end":{"line":64,"column":3}},"line":62},"14":{"name":"(anonymous_14)","decl":{"start":{"line":66,"column":2},"end":{"line":66,"column":3}},"loc":{"start":{"line":66,"column":19},"end":{"line":74,"column":3}},"line":66},"15":{"name":"(anonymous_15)","decl":{"start":{"line":68,"column":17},"end":{"line":68,"column":18}},"loc":{"start":{"line":68,"column":25},"end":{"line":72,"column":5}},"line":68},"16":{"name":"(anonymous_16)","decl":{"start":{"line":76,"column":2},"end":{"line":76,"column":3}},"loc":{"start":{"line":76,"column":21},"end":{"line":78,"column":3}},"line":76},"17":{"name":"(anonymous_17)","decl":{"start":{"line":77,"column":23},"end":{"line":77,"column":24}},"loc":{"start":{"line":77,"column":31},"end":{"line":77,"column":56}},"line":77},"18":{"name":"(anonymous_18)","decl":{"start":{"line":80,"column":2},"end":{"line":80,"column":3}},"loc":{"start":{"line":80,"column":12},"end":{"line":82,"column":3}},"line":80},"19":{"name":"(anonymous_19)","decl":{"start":{"line":81,"column":23},"end":{"line":81,"column":24}},"loc":{"start":{"line":81,"column":31},"end":{"line":81,"column":44}},"line":81},"20":{"name":"(anonymous_20)","decl":{"start":{"line":84,"column":2},"end":{"line":84,"column":3}},"loc":{"start":{"line":84,"column":15},"end":{"line":86,"column":3}},"line":84},"21":{"name":"(anonymous_21)","decl":{"start":{"line":85,"column":23},"end":{"line":85,"column":24}},"loc":{"start":{"line":85,"column":31},"end":{"line":85,"column":45}},"line":85},"22":{"name":"(anonymous_22)","decl":{"start":{"line":88,"column":2},"end":{"line":88,"column":3}},"loc":{"start":{"line":88,"column":18},"end":{"line":92,"column":3}},"line":88},"23":{"name":"(anonymous_23)","decl":{"start":{"line":94,"column":2},"end":{"line":94,"column":3}},"loc":{"start":{"line":94,"column":16},"end":{"line":96,"column":3}},"line":94},"24":{"name":"(anonymous_24)","decl":{"start":{"line":95,"column":17},"end":{"line":95,"column":18}},"loc":{"start":{"line":95,"column":25},"end":{"line":95,"column":40}},"line":95},"25":{"name":"(anonymous_25)","decl":{"start":{"line":98,"column":2},"end":{"line":98,"column":3}},"loc":{"start":{"line":98,"column":18},"end":{"line":100,"column":3}},"line":98},"26":{"name":"(anonymous_26)","decl":{"start":{"line":99,"column":17},"end":{"line":99,"column":18}},"loc":{"start":{"line":99,"column":25},"end":{"line":99,"column":42}},"line":99},"27":{"name":"(anonymous_27)","decl":{"start":{"line":102,"column":2},"end":{"line":102,"column":3}},"loc":{"start":{"line":102,"column":24},"end":{"line":106,"column":3}},"line":102},"28":{"name":"(anonymous_28)","decl":{"start":{"line":108,"column":2},"end":{"line":108,"column":3}},"loc":{"start":{"line":108,"column":13},"end":{"line":112,"column":3}},"line":108},"29":{"name":"(anonymous_29)","decl":{"start":{"line":110,"column":30},"end":{"line":110,"column":31}},"loc":{"start":{"line":110,"column":38},"end":{"line":110,"column":53}},"line":110},"30":{"name":"(anonymous_30)","decl":{"start":{"line":114,"column":2},"end":{"line":114,"column":3}},"loc":{"start":{"line":114,"column":12},"end":{"line":116,"column":3}},"line":114}},"branchMap":{"0":{"loc":{"start":{"line":13,"column":4},"end":{"line":17,"column":5}},"type":"if","locations":[{"start":{"line":13,"column":4},"end":{"line":17,"column":5}},{"start":{"line":15,"column":11},"end":{"line":17,"column":5}}],"line":13},"1":{"loc":{"start":{"line":69,"column":6},"end":{"line":71,"column":7}},"type":"if","locations":[{"start":{"line":69,"column":6},"end":{"line":71,"column":7}},{"start":{},"end":{}}],"line":69},"2":{"loc":{"start":{"line":90,"column":4},"end":{"line":90,"column":22}},"type":"if","locations":[{"start":{"line":90,"column":4},"end":{"line":90,"column":22}},{"start":{},"end":{}}],"line":90},"3":{"loc":{"start":{"line":103,"column":4},"end":{"line":105,"column":5}},"type":"if","locations":[{"start":{"line":103,"column":4},"end":{"line":105,"column":5}},{"start":{},"end":{}}],"line":103}},"s":{"0":1,"1":28,"2":28,"3":72,"4":70,"5":2,"6":2,"7":4,"8":1,"9":13,"10":10,"11":9,"12":2,"13":2,"14":4,"15":1,"16":1,"17":2,"18":1,"19":12,"20":7,"21":7,"22":19,"23":7,"24":7,"25":3,"26":9,"27":2,"28":4,"29":1,"30":3,"31":2,"32":2,"33":1,"34":1,"35":3,"36":9,"37":1,"38":3,"39":15,"40":4,"41":3,"42":3,"43":9,"44":3,"45":7,"46":1},"f":{"0":28,"1":72,"2":2,"3":4,"4":1,"5":13,"6":9,"7":2,"8":2,"9":4,"10":1,"11":1,"12":2,"13":12,"14":7,"15":19,"16":3,"17":9,"18":2,"19":4,"20":1,"21":3,"22":2,"23":3,"24":9,"25":1,"26":3,"27":15,"28":3,"29":9,"30":7},"b":{"0":[70,2],"1":[7,12],"2":[1,1],"3":[4,11]},"_coverageSchema":"1a1c01bbd47fc00a2c39e90264f33305004495a9","hash":"a8eae6cc5fd580a31762b6b068d9da456c8154cb"}
}
