TN:
SF:todo.js
FN:10,(anonymous_0)
FN:15,(anonymous_1)
FN:20,(anonymous_2)
FN:24,(anonymous_3)
FN:28,(anonymous_4)
FN:32,(anonymous_5)
FNF:6
FNH:6
FNDA:63,(anonymous_0)
FNDA:9,(anonymous_1)
FNDA:18,(anonymous_2)
FNDA:4,(anonymous_3)
FNDA:36,(anonymous_4)
FNDA:9,(anonymous_5)
DA:7,1
DA:8,1
DA:11,63
DA:12,63
DA:16,9
DA:17,9
DA:21,18
DA:25,4
DA:29,36
DA:33,9
DA:37,1
LF:11
LH:11
BRDA:16,0,0,4
BRDA:16,0,1,5
BRF:2
BRH:2
end_of_record
TN:
SF:todolist.js
FN:7,(anonymous_0)
FN:12,(anonymous_1)
FN:20,(anonymous_2)
FN:24,(anonymous_3)
FN:28,(anonymous_4)
FN:32,(anonymous_5)
FN:37,(anonymous_6)
FN:41,(anonymous_7)
FN:45,(anonymous_8)
FN:46,(anonymous_9)
FN:49,(anonymous_10)
FN:53,(anonymous_11)
FN:57,(anonymous_12)
FN:62,(anonymous_13)
FN:66,(anonymous_14)
FN:68,(anonymous_15)
FN:76,(anonymous_16)
FN:77,(anonymous_17)
FN:80,(anonymous_18)
FN:81,(anonymous_19)
FN:84,(anonymous_20)
FN:85,(anonymous_21)
FN:88,(anonymous_22)
FN:94,(anonymous_23)
FN:95,(anonymous_24)
FN:98,(anonymous_25)
FN:99,(anonymous_26)
FN:102,(anonymous_27)
FN:108,(anonymous_28)
FN:110,(anonymous_29)
FN:114,(anonymous_30)
FNF:31
FNH:31
FNDA:28,(anonymous_0)
FNDA:72,(anonymous_1)
FNDA:2,(anonymous_2)
FNDA:4,(anonymous_3)
FNDA:1,(anonymous_4)
FNDA:13,(anonymous_5)
FNDA:9,(anonymous_6)
FNDA:2,(anonymous_7)
FNDA:2,(anonymous_8)
FNDA:4,(anonymous_9)
FNDA:1,(anonymous_10)
FNDA:1,(anonymous_11)
FNDA:2,(anonymous_12)
FNDA:12,(anonymous_13)
FNDA:7,(anonymous_14)
FNDA:19,(anonymous_15)
FNDA:3,(anonymous_16)
FNDA:9,(anonymous_17)
FNDA:2,(anonymous_18)
FNDA:4,(anonymous_19)
FNDA:1,(anonymous_20)
FNDA:3,(anonymous_21)
FNDA:2,(anonymous_22)
FNDA:3,(anonymous_23)
FNDA:9,(anonymous_24)
FNDA:1,(anonymous_25)
FNDA:3,(anonymous_26)
FNDA:15,(anonymous_27)
FNDA:3,(anonymous_28)
FNDA:9,(anonymous_29)
FNDA:7,(anonymous_30)
DA:4,1
DA:8,28
DA:9,28
DA:13,72
DA:14,70
DA:16,2
DA:21,2
DA:25,4
DA:29,1
DA:33,13
DA:34,10
DA:38,9
DA:42,2
DA:46,4
DA:50,1
DA:54,1
DA:58,2
DA:59,1
DA:63,12
DA:67,7
DA:68,7
DA:69,19
DA:70,7
DA:73,7
DA:77,9
DA:81,4
DA:85,3
DA:89,2
DA:90,2
DA:91,1
DA:95,9
DA:99,3
DA:103,15
DA:104,4
DA:109,3
DA:110,9
DA:111,3
DA:115,7
DA:119,1
LF:39
LH:39
BRDA:13,0,0,70
BRDA:13,0,1,2
BRDA:69,1,0,7
BRDA:69,1,1,12
BRDA:90,2,0,1
BRDA:90,2,1,1
BRDA:103,3,0,4
BRDA:103,3,1,11
BRF:8
BRH:8
end_of_record
